#
# There is insufficient memory for the Java Runtime Environment to continue.
# Native memory allocation (malloc) failed to allocate 1048576 bytes for AllocateHeap
# Possible reasons:
#   The system is out of physical RAM or swap space
#   In 32 bit mode, the process size limit was hit
# Possible solutions:
#   Reduce memory load on the system
#   Increase physical memory or swap space
#   Check if swap backing store is full
#   Use 64 bit Java on a 64 bit OS
#   Decrease Java heap size (-Xmx/-Xms)
#   Decrease number of Java threads
#   Decrease Java thread stack sizes (-Xss)
#   Set larger code cache with -XX:ReservedCodeCacheSize=
# This output file may be truncated or incomplete.
#
#  Out of Memory Error (memory/allocation.inline.hpp:61), pid=13560, tid=0x0000000000003d90
#
# JRE version:  (8.0_151-b12) (build )
# Java VM: Java HotSpot(TM) 64-Bit Server VM (25.151-b12 mixed mode windows-amd64 compressed oops)
# Failed to write core dump. Minidumps are not enabled by default on client versions of Windows
#

---------------  T H R E A D  ---------------

Current thread (0x0000000002a5e000):  JavaThread "Unknown thread" [_thread_in_vm, id=15760, stack(0x00000000024a0000,0x00000000025a0000)]

Stack: [0x00000000024a0000,0x00000000025a0000]
[error occurred during error reporting (printing stack bounds), id 0xc0000005]

Native frames: (J=compiled Java code, j=interpreted, Vv=VM code, C=native code)


---------------  P R O C E S S  ---------------

Java Threads: ( => current thread )

Other Threads:

=>0x0000000002a5e000 (exited) JavaThread "Unknown thread" [_thread_in_vm, id=15760, stack(0x00000000024a0000,0x00000000025a0000)]

VM state:not at safepoint (normal execution)

VM Mutex/Monitor currently owned by a thread: None

Heap:
 PSYoungGen      total 76288K, used 1310K [0x000000076ae00000, 0x0000000770300000, 0x00000007c0000000)
  eden space 65536K, 2% used [0x000000076ae00000,0x000000076af47af0,0x000000076ee00000)
  from space 10752K, 0% used [0x000000076f880000,0x000000076f880000,0x0000000770300000)
  to   space 10752K, 0% used [0x000000076ee00000,0x000000076ee00000,0x000000076f880000)
 ParOldGen       total 175104K, used 0K [0x00000006c0a00000, 0x00000006cb500000, 0x000000076ae00000)
  object space 175104K, 0% used [0x00000006c0a00000,0x00000006c0a00000,0x00000006cb500000)
 Metaspace       used 770K, capacity 4480K, committed 4480K, reserved 1056768K
  class space    used 75K, capacity 384K, committed 384K, reserved 1048576K

Card table byte_map: [0x0000000011e20000,0x0000000012620000] byte_map_base: 0x000000000e81b000

Marking Bits: (ParMarkBitMap*) 0x0000000061f8d850
 Begin Bits: [0x0000000012f80000, 0x0000000016f58000)
 End Bits:   [0x0000000016f58000, 0x000000001af30000)

Polling page: 0x00000000007e0000

CodeCache: size=245760Kb used=328Kb max_used=328Kb free=245431Kb
 bounds [0x0000000002a60000, 0x0000000002cd0000, 0x0000000011a60000]
 total_blobs=58 nmethods=0 adapters=38
 compilation: enabled

Compilation events (0 events):
No events

GC Heap History (0 events):
No events

Deoptimization events (0 events):
No events

Internal exceptions (0 events):
No events

Events (10 events):
Event: 0.027 loading class java/lang/Short
Event: 0.027 loading class java/lang/Short done
Event: 0.027 loading class java/lang/Integer
Event: 0.028 loading class java/lang/Integer done
Event: 0.028 loading class java/lang/Long
Event: 0.028 loading class java/lang/Long done
Event: 0.028 loading class java/lang/NullPointerException
Event: 0.028 loading class java/lang/NullPointerException done
Event: 0.028 loading class java/lang/ArithmeticException
Event: 0.028 loading class java/lang/ArithmeticException done


Dynamic libraries:
0x00007ff7cf790000 - 0x00007ff7cf7c7000 	C:\Program Files\Java\jdk1.8.0_151\bin\java.exe
0x00007ffe2b760000 - 0x00007ffe2b950000 	C:\WINDOWS\SYSTEM32\ntdll.dll
0x00007ffe2b660000 - 0x00007ffe2b712000 	C:\WINDOWS\System32\KERNEL32.DLL
0x00007ffe286f0000 - 0x00007ffe28993000 	C:\WINDOWS\System32\KERNELBASE.dll
0x00007ffe29810000 - 0x00007ffe298b3000 	C:\WINDOWS\System32\ADVAPI32.dll
0x00007ffe298c0000 - 0x00007ffe2995e000 	C:\WINDOWS\System32\msvcrt.dll
0x00007ffe2aab0000 - 0x00007ffe2ab47000 	C:\WINDOWS\System32\sechost.dll
0x00007ffe2a630000 - 0x00007ffe2a750000 	C:\WINDOWS\System32\RPCRT4.dll
0x00007ffe2b3f0000 - 0x00007ffe2b584000 	C:\WINDOWS\System32\USER32.dll
0x00007ffe29780000 - 0x00007ffe297a1000 	C:\WINDOWS\System32\win32u.dll
0x00007ffe2b590000 - 0x00007ffe2b5b6000 	C:\WINDOWS\System32\GDI32.dll
0x00007ffe294b0000 - 0x00007ffe29644000 	C:\WINDOWS\System32\gdi32full.dll
0x00007ffe29390000 - 0x00007ffe2942e000 	C:\WINDOWS\System32\msvcp_win.dll
0x00007ffe29270000 - 0x00007ffe2936a000 	C:\WINDOWS\System32\ucrtbase.dll
0x00007ffe197b0000 - 0x00007ffe19a35000 	C:\WINDOWS\WinSxS\amd64_microsoft.windows.common-controls_6595b64144ccf1df_6.0.18362.720_none_e6beb5c51314836b\COMCTL32.dll
0x00007ffe29b80000 - 0x00007ffe29eb6000 	C:\WINDOWS\System32\combase.dll
0x00007ffe29700000 - 0x00007ffe29780000 	C:\WINDOWS\System32\bcryptPrimitives.dll
0x00007ffe29970000 - 0x00007ffe2999e000 	C:\WINDOWS\System32\IMM32.DLL
0x0000000061690000 - 0x0000000061762000 	C:\Program Files\Java\jdk1.8.0_151\jre\bin\msvcr100.dll
0x0000000061770000 - 0x000000006200d000 	C:\Program Files\Java\jdk1.8.0_151\jre\bin\server\jvm.dll
0x00007ffe2b5c0000 - 0x00007ffe2b5c8000 	C:\WINDOWS\System32\PSAPI.DLL
0x00007ffe267d0000 - 0x00007ffe267f4000 	C:\WINDOWS\SYSTEM32\WINMM.dll
0x00007ffe16660000 - 0x00007ffe16669000 	C:\WINDOWS\SYSTEM32\WSOCK32.dll
0x00007ffe24aa0000 - 0x00007ffe24aaa000 	C:\WINDOWS\SYSTEM32\VERSION.dll
0x00007ffe2aa40000 - 0x00007ffe2aaaf000 	C:\WINDOWS\System32\WS2_32.dll
0x00007ffe26750000 - 0x00007ffe2677d000 	C:\WINDOWS\SYSTEM32\winmmbase.dll
0x00007ffe29430000 - 0x00007ffe2947a000 	C:\WINDOWS\System32\cfgmgr32.dll
0x0000000061640000 - 0x000000006164f000 	C:\Program Files\Java\jdk1.8.0_151\jre\bin\verify.dll
0x0000000061610000 - 0x0000000061639000 	C:\Program Files\Java\jdk1.8.0_151\jre\bin\java.dll
0x00000000615f0000 - 0x0000000061606000 	C:\Program Files\Java\jdk1.8.0_151\jre\bin\zip.dll

VM Arguments:
jvm_args: -Dfile.encoding=UTF-8 
java_command: rss.AddNewAppointment
java_class_path (initial): C:\Users\ASUS\Desktop\rssversion3.2\rssprojct version 3.01\rssproject\Libraries\lib\rs2xml.jar;C:\Users\ASUS\Desktop\rssversion3.2\rssprojct version 3.01\rssproject\Libraries\lib\jcalendar-1.4.jar;C:\Users\ASUS\Desktop\rssversion3.2\rssprojct version 3.01\rssproject\Libraries\lib\sqlite-jdbc-3.30.1.jar;C:\Program Files (x86)\NetBeans 8.2\java\modules\ext\AbsoluteLayout.jar;C:\Users\ASUS\Desktop\rssversion3.2\rssprojct version 3.01\rssproject\RSS\build\classes
Launcher Type: SUN_STANDARD

Environment Variables:
CLASSPATH=.;C:\Program Files (x86)\QuickTime\QTSystem\QTJava.zip
PATH=C:\Program Files (x86)\Common Files\Oracle\Java\javapath;C:\ProgramData\Oracle\Java\javapath;C:\Program Files (x86)\Intel\iCLS Client\;C:\Program Files\Intel\iCLS Client\;C:\Windows\system32;C:\Windows;C:\Windows\System32\Wbem;"C:\Windows\System32\WindowsPowerShell\v1.0\;C:\Python27";C:\Program Files (x86)\Intel\Intel(R) Management Engine Components\DAL;C:\Program Files\Intel\Intel(R) Management Engine Components\DAL;C:\Program Files (x86)\Intel\Intel(R) Management Engine Components\IPT;C:\Program Files\Intel\Intel(R) Management Engine Components\IPT;C:\Program Files (x86)\NVIDIA Corporation\PhysX\Common;C:\Program Files (x86)\QuickTime\QTSystem\;C:\WINDOWS\system32;C:\WINDOWS;C:\WINDOWS\System32\Wbem;C:\WINDOWS\System32\WindowsPowerShell\v1.0\;C:\Program Files (x86)\GtkSharp\2.12\bin;C:\WINDOWS\System32\OpenSSH\;C:\nodejs\;C:\Program Files\Git\cmd;";C:\Python27\;C:\Python27\Scripts;C:\Users\ASUS\AppData\Local\Microsoft\WindowsApps;C:\Users\ASUS\AppData\Roaming\npm;C:\Program Files\heroku\bin;C:\Users\ASUS\AppData\Local\Programs\Microsoft VS Code\bin;";C:\Python27";
USERNAME=ASUS
OS=Windows_NT
PROCESSOR_IDENTIFIER=Intel64 Family 6 Model 158 Stepping 9, GenuineIntel



---------------  S Y S T E M  ---------------

OS: Windows 10.0 , 64 bit Build 18362 (10.0.18362.329)

CPU:total 4 (initial active 4) (4 cores per cpu, 1 threads per core) family 6 model 158 stepping 9, cmov, cx8, fxsr, mmx, sse, sse2, sse3, ssse3, sse4.1, sse4.2, popcnt, avx, avx2, aes, clmul, erms, rtm, 3dnowpref, lzcnt, tsc, tscinvbit, bmi1, bmi2, adx

Memory: 4k page, physical 16732140k(8201508k free), swap 25120748k(5964k free)

vm_info: Java HotSpot(TM) 64-Bit Server VM (25.151-b12) for windows-amd64 JRE (1.8.0_151-b12), built on Sep  5 2017 19:33:46 by "java_re" with MS VC++ 10.0 (VS2010)

time: Thu Mar 19 18:56:19 2020
elapsed time: 0 seconds (0d 0h 0m 0s)

